[command arg: -ANA]
[command arg: c:\Users\Konath\Desktop\NLP++\fork\dict-pt-br\Wiktionary\WiktionPage\]
[command arg: -WORK]
[command arg: c:\Users\Konath\.vscode\extensions\dehilster.nlp-2.36.4\nlp-engine]
[command arg: c:\Users\Konath\Desktop\NLP++\fork\dict-pt-br\Wiktionary\WiktionPage\input\brincar.xml]
[command arg: -DEV]
[logfile: c:\Users\Konath\.vscode\extensions\dehilster.nlp-2.36.4\nlp-engine\vtrun_logfile.out]
[rfbdir: c:\Users\Konath\.vscode\extensions\dehilster.nlp-2.36.4\nlp-engine\data\rfb\spec]
[analyzer directory: c:\Users\Konath\Desktop\NLP++\fork\dict-pt-br\Wiktionary\WiktionPage\]
[analyzer name: ]
[rfb file: c:\Users\Konath\.vscode\extensions\dehilster.nlp-2.36.4\nlp-engine\data\rfb\spec]
[log file: .\tmp\visualtext.log]
[spec directory: c:\Users\Konath\Desktop\NLP++\fork\dict-pt-br\Wiktionary\WiktionPage\\spec]
[spec file: c:\Users\Konath\Desktop\NLP++\fork\dict-pt-br\Wiktionary\WiktionPage\\spec\analyzer.seq]
[output directory: c:\Users\Konath\Desktop\NLP++\fork\dict-pt-br\Wiktionary\WiktionPage\\output]
[infile path: c:\Users\Konath\Desktop\NLP++\fork\dict-pt-br\Wiktionary\WiktionPage\input\brincar.xml]
[outfile path: c:\Users\Konath\Desktop\NLP++\fork\dict-pt-br\Wiktionary\WiktionPage\\outfile.txt]
[Creating output directory: c:\Users\Konath\Desktop\NLP++\fork\dict-pt-br\Wiktionary\WiktionPage\input\brincar.xml_log]
[outdir path: c:\Users\Konath\Desktop\NLP++\fork\dict-pt-br\Wiktionary\WiktionPage\input\brincar.xml_log]
[AFTER VTRUN DELETE: ]
