[Pass 1 time: 0.006 sec     tokenize]
[Pass 2 time: 0.001 sec     kbInit]
[Pass 3 time: 0.001 sec     KBFuncs]
[Pass 4 time: 0.005 sec     tagsSpaces]
[Pass 5 time: 0 sec     funcs]
[Pass 6 time: 0.006 sec     tagsSpacesTwo]
[Pass 7 time: 0.006 sec     removes]
[Pass 8 time: 0.005 sec     tags]
[Pass 9 time: 0.005 sec     textZone]
[Pass 10 time: 0.005 sec     notText]
[Pass 11 time: 0.004 sec     onlyText]
[Pass 12 time: 0.004 sec     Lines]
[Pass 13 time: 0.004 sec     RemoveWhiteSpace]
[Pass 14 time: 0.003 sec     conjuWhiteSpace]
[Pass 15 time: 0.004 sec     words]
[Pass 16 time: 0.003 sec     phrases]
[Pass 17 time: 0.004 sec     list]
[Pass 18 time: 0.004 sec     headers]
[Pass 19 time: 0.005 sec     ups]
[Pass 20 time: 0.004 sec     headerZones4]
[Pass 21 time: 0.003 sec     headerZones3]
[Pass 22 time: 0.004 sec     headerZones2]
[Pass 23 time: 0.005 sec     attributes]
[Pass 24 time: 0.005 sec     conjugations]
[Pass 25 time: 0.003 sec     languageZone]
[Pass 26 time: 0.051 sec     kbBuild]
[Pass 27 time: 0.004 sec     kbBuild2]
[Pass 28 time: 0.104 sec     output]
[Input file: c:\Users\Konath\Desktop\NLP++\fork\dict-pt-br\Wiktionary\WiktionPage\input\brincar.xml]
[Total passes: 28]
[Total time: 0.262 sec]
[Time per 1000 chars (0.262/1013): 0.258638 sec]
[Time per pass per 1000 chars: 0.00923706]
infile  passes tottime length tot/1000 tot/pass/1000
c:\Users\Konath\Desktop\NLP++\fork\dict-pt-br\Wiktionary\WiktionPage\input\brincar.xml	28	0.262	1013	0.258638	0.00923706
[Clean time: 0.002 sec]
