[Pass 1 time: 0.017 sec     tokenize]
[Pass 2 time: 0 sec     kbInit]
[Pass 3 time: 0.001 sec     KBFuncs]
[Pass 4 time: 0.012 sec     tagsSpaces]
[Pass 5 time: 0 sec     funcs]
[Pass 6 time: 0.014 sec     tagsSpacesTwo]
[Pass 7 time: 0.01 sec     removes]
[Pass 8 time: 0.01 sec     tags]
[Pass 9 time: 0.01 sec     textZone]
[Pass 10 time: 0.013 sec     notText]
[Pass 11 time: 0.011 sec     onlyText]
[Pass 12 time: 0.01 sec     Lines]
[Pass 13 time: 0.013 sec     RemoveWhiteSpace]
[Pass 14 time: 0.009 sec     conjuWhiteSpace]
[Pass 15 time: 0.009 sec     words]
[Pass 16 time: 0.01 sec     phrases]
[Pass 17 time: 0.007 sec     list]
[Pass 18 time: 0.009 sec     headers]
[Pass 19 time: 0.007 sec     ups]
[Pass 20 time: 0.009 sec     headerZones4]
[Pass 21 time: 0.009 sec     headerZones3]
[Pass 22 time: 0.009 sec     headerZones2]
[Pass 23 time: 0.009 sec     attributes]
[Pass 24 time: 0.008 sec     conjugations]
[Pass 25 time: 0.009 sec     languageZone]
[Pass 26 time: 0.009 sec     kbBuild]
[Pass 27 time: 0.008 sec     kbBuild2]
[Pass 28 time: 0.001 sec     output]
[Input file: c:\Users\Konath\Desktop\NLP++\dict-pt-br\Wiktionary\WiktionPage\input\dormir.xml]
[Total passes: 28]
[Total time: 0.243 sec]
[Time per 1000 chars (0.243/4155): 0.0584838 sec]
[Time per pass per 1000 chars: 0.00208871]
infile  passes tottime length tot/1000 tot/pass/1000
c:\Users\Konath\Desktop\NLP++\dict-pt-br\Wiktionary\WiktionPage\input\dormir.xml	28	0.243	4155	0.0584838	0.00208871
[Clean time: 0.001 sec]
